<?xml version="1.0" encoding="UTF-8"?>
<!-- Generated by org.testng.reporters.JUnitReportReporter -->
<testsuite hostname="DESKTOP-2T86AC5" failures="0" tests="1" name="Delete_test" time="2.147" errors="0" timestamp="2021-07-01T01:41:09 EDT" skipped="0">
  <testcase classname="Delete_test" name="test1" time="2.147"/>
  <system-out/>
</testsuite> <!-- Delete_test -->
