<?xml version="1.0" encoding="UTF-8"?>
<!-- Generated by org.testng.reporters.JUnitReportReporter -->
<testsuite hostname="DESKTOP-2T86AC5" failures="0" tests="1" name="GET_Test" time="1.817" errors="0" timestamp="2021-07-01T01:42:25 EDT" skipped="0">
  <testcase classname="GET_Test" name="test" time="1.817"/>
  <system-out/>
</testsuite> <!-- GET_Test -->
